<?xml version="1.0" encoding="UTF-8"?>
<!DOCTYPE html PUBLIC "-//W3C//DTD XHTML 1.0 Strict//EN" "http://www.w3.org/TR/xhtml1/DTD/xhtml1-strict.dtd">
<html xmlns="http://www.w3.org/1999/xhtml">
<head>
    <title>Unit Test Report</title>
    <meta name="generator" content="HTMLTestRunner 0.8.2"/>
    <meta http-equiv="Content-Type" content="text/html; charset=UTF-8"/>
    
<style type="text/css" media="screen">
body        { font-family: verdana, arial, helvetica, sans-serif; font-size: 80%; }
table       { font-size: 100%; }
pre         { }

/* -- heading ---------------------------------------------------------------------- */
h1 {
	font-size: 16pt;
	color: gray;
}
.heading {
    margin-top: 0ex;
    margin-bottom: 1ex;
}

.heading .attribute {
    margin-top: 1ex;
    margin-bottom: 0;
}

.heading .description {
    margin-top: 4ex;
    margin-bottom: 6ex;
}

/* -- css div popup ------------------------------------------------------------------------ */
a.popup_link {
}

a.popup_link:hover {
    color: red;
}

.popup_window {
    display: none;
    position: relative;
    left: 0px;
    top: 0px;
    /*border: solid #627173 1px; */
    padding: 10px;
    background-color: #E6E6D6;
    font-family: "Lucida Console", "Courier New", Courier, monospace;
    text-align: left;
    font-size: 8pt;
    width: 500px;
}

}
/* -- report ------------------------------------------------------------------------ */
#show_detail_line {
    margin-top: 3ex;
    margin-bottom: 1ex;
}
#result_table {
    width: 80%;
    border-collapse: collapse;
    border: 1px solid #777;
}
#header_row {
    font-weight: bold;
    color: white;
    background-color: #777;
}
#result_table td {
    border: 1px solid #777;
    padding: 2px;
}
#total_row  { font-weight: bold; }
.passClass  { background-color: #6c6; }
.failClass  { background-color: #c60; }
.errorClass { background-color: #c00; }
.passCase   { color: #6c6; }
.failCase   { color: #c60; font-weight: bold; }
.errorCase  { color: #c00; font-weight: bold; }
.hiddenRow  { display: none; }
.testcase   { margin-left: 2em; }


/* -- ending ---------------------------------------------------------------------- */
#ending {
}

</style>

</head>
<body>
<script language="javascript" type="text/javascript"><!--
output_list = Array();

/* level - 0:Summary; 1:Failed; 2:All */
function showCase(level) {
    trs = document.getElementsByTagName("tr");
    for (var i = 0; i < trs.length; i++) {
        tr = trs[i];
        id = tr.id;
        if (id.substr(0,2) == 'ft') {
            if (level < 1) {
                tr.className = 'hiddenRow';
            }
            else {
                tr.className = '';
            }
        }
        if (id.substr(0,2) == 'pt') {
            if (level > 1) {
                tr.className = '';
            }
            else {
                tr.className = 'hiddenRow';
            }
        }
    }
}


function showClassDetail(cid, count) {
    var id_list = Array(count);
    var toHide = 1;
    for (var i = 0; i < count; i++) {
        tid0 = 't' + cid.substr(1) + '.' + (i+1);
        tid = 'f' + tid0;
        tr = document.getElementById(tid);
        if (!tr) {
            tid = 'p' + tid0;
            tr = document.getElementById(tid);
        }
        id_list[i] = tid;
        if (tr.className) {
            toHide = 0;
        }
    }
    for (var i = 0; i < count; i++) {
        tid = id_list[i];
        if (toHide) {
            document.getElementById('div_'+tid).style.display = 'none'
            document.getElementById(tid).className = 'hiddenRow';
        }
        else {
            document.getElementById(tid).className = '';
        }
    }
}


function showTestDetail(div_id){
    var details_div = document.getElementById(div_id)
    var displayState = details_div.style.display
    // alert(displayState)
    if (displayState != 'block' ) {
        displayState = 'block'
        details_div.style.display = 'block'
    }
    else {
        details_div.style.display = 'none'
    }
}


function html_escape(s) {
    s = s.replace(/&/g,'&amp;');
    s = s.replace(/</g,'&lt;');
    s = s.replace(/>/g,'&gt;');
    return s;
}

/* obsoleted by detail in <div>
function showOutput(id, name) {
    var w = window.open("", //url
                    name,
                    "resizable,scrollbars,status,width=800,height=450");
    d = w.document;
    d.write("<pre>");
    d.write(html_escape(output_list[id]));
    d.write("\n");
    d.write("<a href='javascript:window.close()'>close</a>\n");
    d.write("</pre>\n");
    d.close();
}
*/
--></script>

<div class='heading'>
<h1>Unit Test Report</h1>
<p class='attribute'><strong>Start Time:</strong> 2024-03-30 23:32:17</p>
<p class='attribute'><strong>Duration:</strong> 0:00:31.912418</p>
<p class='attribute'><strong>Status:</strong> Pass 1 Error 8</p>

<p class='description'></p>
</div>



<p id='show_detail_line'>Show
<a href='javascript:showCase(0)'>Summary</a>
<a href='javascript:showCase(1)'>Failed</a>
<a href='javascript:showCase(2)'>All</a>
</p>
<table id='result_table'>
<colgroup>
<col align='left' />
<col align='right' />
<col align='right' />
<col align='right' />
<col align='right' />
<col align='right' />
</colgroup>
<tr id='header_row'>
    <td>Test Group/Test case</td>
    <td>Count</td>
    <td>Pass</td>
    <td>Fail</td>
    <td>Error</td>
    <td>View</td>
</tr>

<tr class='errorClass'>
    <td>unittest.loader._FailedTest</td>
    <td>1</td>
    <td>0</td>
    <td>0</td>
    <td>1</td>
    <td><a href="javascript:showClassDetail('c1',1)">Detail</a></td>
</tr>

<tr id='ft1.1' class='none'>
    <td class='errorCase'><div class='testcase'>test_add_cart</div></td>
    <td colspan='5' align='center'>

    <!--css div popup start-->
    <a class="popup_link" onfocus='this.blur();' href="javascript:showTestDetail('div_ft1.1')" >
        error</a>

    <div id='div_ft1.1' class="popup_window">
        <div style='text-align: right; color:red;cursor:pointer'>
        <a onfocus='this.blur();' onclick="document.getElementById('div_ft1.1').style.display = 'none' " >
           [x]</a>
        </div>
        <pre>
        
ft1.1: ImportError: Failed to import test module: test_add_cart
Traceback (most recent call last):
  File "C:\Users\huanhuan\AppData\Local\Programs\Python\Python38\lib\unittest\loader.py", line 436, in _find_test_path
    module = self._get_module_from_name(name)
  File "C:\Users\huanhuan\AppData\Local\Programs\Python\Python38\lib\unittest\loader.py", line 377, in _get_module_from_name
    __import__(name)
  File "D:\pythonProject\new_240328\scripts\test_add_cart.py", line 54, in &lt;module&gt;
    unittest.main()
  File "C:\Users\huanhuan\AppData\Local\Programs\Python\Python38\lib\unittest\main.py", line 101, in __init__
    self.runTests()
  File "C:\Users\huanhuan\AppData\Local\Programs\Python\Python38\lib\unittest\main.py", line 273, in runTests
    sys.exit(not self.result.wasSuccessful())
SystemExit: False

ImportError: Failed to import test module: test_add_cart
Traceback (most recent call last):
  File "C:\Users\huanhuan\AppData\Local\Programs\Python\Python38\lib\unittest\loader.py", line 436, in _find_test_path
    module = self._get_module_from_name(name)
  File "C:\Users\huanhuan\AppData\Local\Programs\Python\Python38\lib\unittest\loader.py", line 377, in _get_module_from_name
    __import__(name)
  File "D:\pythonProject\new_240328\scripts\test_add_cart.py", line 54, in &lt;module&gt;
    unittest.main()
  File "C:\Users\huanhuan\AppData\Local\Programs\Python\Python38\lib\unittest\main.py", line 101, in __init__
    self.runTests()
  File "C:\Users\huanhuan\AppData\Local\Programs\Python\Python38\lib\unittest\main.py", line 273, in runTests
    sys.exit(not self.result.wasSuccessful())
SystemExit: False



        </pre>
    </div>
    <!--css div popup end-->

    </td>
</tr>

<tr class='errorClass'>
    <td>test_login.TestLogin</td>
    <td>8</td>
    <td>1</td>
    <td>0</td>
    <td>7</td>
    <td><a href="javascript:showClassDetail('c2',8)">Detail</a></td>
</tr>

<tr id='pt2.1' class='hiddenRow'>
    <td class='none'><div class='testcase'>test_login_0_13800001111</div></td>
    <td colspan='5' align='center'>

    <!--css div popup start-->
    <a class="popup_link" onfocus='this.blur();' href="javascript:showTestDetail('div_pt2.1')" >
        pass</a>

    <div id='div_pt2.1' class="popup_window">
        <div style='text-align: right; color:red;cursor:pointer'>
        <a onfocus='this.blur();' onclick="document.getElementById('div_pt2.1').style.display = 'none' " >
           [x]</a>
        </div>
        <pre>
        
pt2.1: 

        </pre>
    </div>
    <!--css div popup end-->

    </td>
</tr>

<tr id='ft2.2' class='none'>
    <td class='errorCase'><div class='testcase'>test_login_1_</div></td>
    <td colspan='5' align='center'>

    <!--css div popup start-->
    <a class="popup_link" onfocus='this.blur();' href="javascript:showTestDetail('div_ft2.2')" >
        error</a>

    <div id='div_ft2.2' class="popup_window">
        <div style='text-align: right; color:red;cursor:pointer'>
        <a onfocus='this.blur();' onclick="document.getElementById('div_ft2.2').style.display = 'none' " >
           [x]</a>
        </div>
        <pre>
        
ft2.2: Traceback (most recent call last):
  File "D:\pythonProject\new_240328\venv\lib\site-packages\parameterized\parameterized.py", line 620, in standalone_func
    return func(*(a + p.args), **p.kwargs, **kw)
  File "D:\pythonProject\new_240328\scripts\test_login.py", line 25, in test_login
    self.login.page_login(username, password, verify_code)
  File "D:\pythonProject\new_240328\page\page_login.py", line 45, in page_login
    self.page_input_username(username)
  File "D:\pythonProject\new_240328\page\page_login.py", line 13, in page_input_username
    self.base_input(page.login_username, username)
  File "D:\pythonProject\new_240328\base\base.py", line 20, in base_input
    self.base_find_element(loc).clear()
  File "D:\pythonProject\new_240328\base\base.py", line 12, in base_find_element
    return WebDriverWait(self.driver, timeout=timeout, poll_frequency=poll).until(lambda x: x.find_element(*loc))
  File "D:\pythonProject\new_240328\venv\lib\site-packages\selenium\webdriver\support\wait.py", line 78, in until
    value = method(self._driver)
  File "D:\pythonProject\new_240328\base\base.py", line 12, in &lt;lambda&gt;
    return WebDriverWait(self.driver, timeout=timeout, poll_frequency=poll).until(lambda x: x.find_element(*loc))
  File "D:\pythonProject\new_240328\venv\lib\site-packages\selenium\webdriver\remote\webdriver.py", line 1248, in find_element
    return self.execute(Command.FIND_ELEMENT, {
  File "D:\pythonProject\new_240328\venv\lib\site-packages\selenium\webdriver\remote\webdriver.py", line 425, in execute
    self.error_handler.check_response(response)
  File "D:\pythonProject\new_240328\venv\lib\site-packages\selenium\webdriver\remote\errorhandler.py", line 247, in check_response
    raise exception_class(message, screen, stacktrace)
selenium.common.exceptions.NoSuchWindowException: Message: no such window: target window already closed
from unknown error: web view not found
  (Session info: chrome=123.0.6312.86)
Stacktrace:
	GetHandleVerifier [0x00007FF7A6A27062+63090]
	(No symbol) [0x00007FF7A6992CB2]
	(No symbol) [0x00007FF7A682EC65]
	(No symbol) [0x00007FF7A680CA7C]
	(No symbol) [0x00007FF7A689D687]
	(No symbol) [0x00007FF7A68B2AC1]
	(No symbol) [0x00007FF7A6896D83]
	(No symbol) [0x00007FF7A68683A8]
	(No symbol) [0x00007FF7A6869441]
	GetHandleVerifier [0x00007FF7A6E225CD+4238301]
	GetHandleVerifier [0x00007FF7A6E5F72D+4488509]
	GetHandleVerifier [0x00007FF7A6E57A0F+4456479]
	GetHandleVerifier [0x00007FF7A6B005A6+953270]
	(No symbol) [0x00007FF7A699E57F]
	(No symbol) [0x00007FF7A6999254]
	(No symbol) [0x00007FF7A699938B]
	(No symbol) [0x00007FF7A6989BC4]
	BaseThreadInitThunk [0x00007FF94CD67034+20]
	RtlUserThreadStart [0x00007FF94CEA2651+33]

Traceback (most recent call last):
  File "D:\pythonProject\new_240328\venv\lib\site-packages\parameterized\parameterized.py", line 620, in standalone_func
    return func(*(a + p.args), **p.kwargs, **kw)
  File "D:\pythonProject\new_240328\scripts\test_login.py", line 25, in test_login
    self.login.page_login(username, password, verify_code)
  File "D:\pythonProject\new_240328\page\page_login.py", line 45, in page_login
    self.page_input_username(username)
  File "D:\pythonProject\new_240328\page\page_login.py", line 13, in page_input_username
    self.base_input(page.login_username, username)
  File "D:\pythonProject\new_240328\base\base.py", line 20, in base_input
    self.base_find_element(loc).clear()
  File "D:\pythonProject\new_240328\base\base.py", line 12, in base_find_element
    return WebDriverWait(self.driver, timeout=timeout, poll_frequency=poll).until(lambda x: x.find_element(*loc))
  File "D:\pythonProject\new_240328\venv\lib\site-packages\selenium\webdriver\support\wait.py", line 78, in until
    value = method(self._driver)
  File "D:\pythonProject\new_240328\base\base.py", line 12, in &lt;lambda&gt;
    return WebDriverWait(self.driver, timeout=timeout, poll_frequency=poll).until(lambda x: x.find_element(*loc))
  File "D:\pythonProject\new_240328\venv\lib\site-packages\selenium\webdriver\remote\webdriver.py", line 1248, in find_element
    return self.execute(Command.FIND_ELEMENT, {
  File "D:\pythonProject\new_240328\venv\lib\site-packages\selenium\webdriver\remote\webdriver.py", line 425, in execute
    self.error_handler.check_response(response)
  File "D:\pythonProject\new_240328\venv\lib\site-packages\selenium\webdriver\remote\errorhandler.py", line 247, in check_response
    raise exception_class(message, screen, stacktrace)
selenium.common.exceptions.NoSuchWindowException: Message: no such window: target window already closed
from unknown error: web view not found
  (Session info: chrome=123.0.6312.86)
Stacktrace:
	GetHandleVerifier [0x00007FF7A6A27062+63090]
	(No symbol) [0x00007FF7A6992CB2]
	(No symbol) [0x00007FF7A682EC65]
	(No symbol) [0x00007FF7A680CA7C]
	(No symbol) [0x00007FF7A689D687]
	(No symbol) [0x00007FF7A68B2AC1]
	(No symbol) [0x00007FF7A6896D83]
	(No symbol) [0x00007FF7A68683A8]
	(No symbol) [0x00007FF7A6869441]
	GetHandleVerifier [0x00007FF7A6E225CD+4238301]
	GetHandleVerifier [0x00007FF7A6E5F72D+4488509]
	GetHandleVerifier [0x00007FF7A6E57A0F+4456479]
	GetHandleVerifier [0x00007FF7A6B005A6+953270]
	(No symbol) [0x00007FF7A699E57F]
	(No symbol) [0x00007FF7A6999254]
	(No symbol) [0x00007FF7A699938B]
	(No symbol) [0x00007FF7A6989BC4]
	BaseThreadInitThunk [0x00007FF94CD67034+20]
	RtlUserThreadStart [0x00007FF94CEA2651+33]



        </pre>
    </div>
    <!--css div popup end-->

    </td>
</tr>

<tr id='ft2.3' class='none'>
    <td class='errorCase'><div class='testcase'>test_login_2_13800001111</div></td>
    <td colspan='5' align='center'>

    <!--css div popup start-->
    <a class="popup_link" onfocus='this.blur();' href="javascript:showTestDetail('div_ft2.3')" >
        error</a>

    <div id='div_ft2.3' class="popup_window">
        <div style='text-align: right; color:red;cursor:pointer'>
        <a onfocus='this.blur();' onclick="document.getElementById('div_ft2.3').style.display = 'none' " >
           [x]</a>
        </div>
        <pre>
        
ft2.3: Traceback (most recent call last):
  File "D:\pythonProject\new_240328\venv\lib\site-packages\parameterized\parameterized.py", line 620, in standalone_func
    return func(*(a + p.args), **p.kwargs, **kw)
  File "D:\pythonProject\new_240328\scripts\test_login.py", line 25, in test_login
    self.login.page_login(username, password, verify_code)
  File "D:\pythonProject\new_240328\page\page_login.py", line 45, in page_login
    self.page_input_username(username)
  File "D:\pythonProject\new_240328\page\page_login.py", line 13, in page_input_username
    self.base_input(page.login_username, username)
  File "D:\pythonProject\new_240328\base\base.py", line 20, in base_input
    self.base_find_element(loc).clear()
  File "D:\pythonProject\new_240328\base\base.py", line 12, in base_find_element
    return WebDriverWait(self.driver, timeout=timeout, poll_frequency=poll).until(lambda x: x.find_element(*loc))
  File "D:\pythonProject\new_240328\venv\lib\site-packages\selenium\webdriver\support\wait.py", line 78, in until
    value = method(self._driver)
  File "D:\pythonProject\new_240328\base\base.py", line 12, in &lt;lambda&gt;
    return WebDriverWait(self.driver, timeout=timeout, poll_frequency=poll).until(lambda x: x.find_element(*loc))
  File "D:\pythonProject\new_240328\venv\lib\site-packages\selenium\webdriver\remote\webdriver.py", line 1248, in find_element
    return self.execute(Command.FIND_ELEMENT, {
  File "D:\pythonProject\new_240328\venv\lib\site-packages\selenium\webdriver\remote\webdriver.py", line 425, in execute
    self.error_handler.check_response(response)
  File "D:\pythonProject\new_240328\venv\lib\site-packages\selenium\webdriver\remote\errorhandler.py", line 247, in check_response
    raise exception_class(message, screen, stacktrace)
selenium.common.exceptions.NoSuchWindowException: Message: no such window: target window already closed
from unknown error: web view not found
  (Session info: chrome=123.0.6312.86)
Stacktrace:
	GetHandleVerifier [0x00007FF7A6A27062+63090]
	(No symbol) [0x00007FF7A6992CB2]
	(No symbol) [0x00007FF7A682EC65]
	(No symbol) [0x00007FF7A680CA7C]
	(No symbol) [0x00007FF7A689D687]
	(No symbol) [0x00007FF7A68B2AC1]
	(No symbol) [0x00007FF7A6896D83]
	(No symbol) [0x00007FF7A68683A8]
	(No symbol) [0x00007FF7A6869441]
	GetHandleVerifier [0x00007FF7A6E225CD+4238301]
	GetHandleVerifier [0x00007FF7A6E5F72D+4488509]
	GetHandleVerifier [0x00007FF7A6E57A0F+4456479]
	GetHandleVerifier [0x00007FF7A6B005A6+953270]
	(No symbol) [0x00007FF7A699E57F]
	(No symbol) [0x00007FF7A6999254]
	(No symbol) [0x00007FF7A699938B]
	(No symbol) [0x00007FF7A6989BC4]
	BaseThreadInitThunk [0x00007FF94CD67034+20]
	RtlUserThreadStart [0x00007FF94CEA2651+33]

Traceback (most recent call last):
  File "D:\pythonProject\new_240328\venv\lib\site-packages\parameterized\parameterized.py", line 620, in standalone_func
    return func(*(a + p.args), **p.kwargs, **kw)
  File "D:\pythonProject\new_240328\scripts\test_login.py", line 25, in test_login
    self.login.page_login(username, password, verify_code)
  File "D:\pythonProject\new_240328\page\page_login.py", line 45, in page_login
    self.page_input_username(username)
  File "D:\pythonProject\new_240328\page\page_login.py", line 13, in page_input_username
    self.base_input(page.login_username, username)
  File "D:\pythonProject\new_240328\base\base.py", line 20, in base_input
    self.base_find_element(loc).clear()
  File "D:\pythonProject\new_240328\base\base.py", line 12, in base_find_element
    return WebDriverWait(self.driver, timeout=timeout, poll_frequency=poll).until(lambda x: x.find_element(*loc))
  File "D:\pythonProject\new_240328\venv\lib\site-packages\selenium\webdriver\support\wait.py", line 78, in until
    value = method(self._driver)
  File "D:\pythonProject\new_240328\base\base.py", line 12, in &lt;lambda&gt;
    return WebDriverWait(self.driver, timeout=timeout, poll_frequency=poll).until(lambda x: x.find_element(*loc))
  File "D:\pythonProject\new_240328\venv\lib\site-packages\selenium\webdriver\remote\webdriver.py", line 1248, in find_element
    return self.execute(Command.FIND_ELEMENT, {
  File "D:\pythonProject\new_240328\venv\lib\site-packages\selenium\webdriver\remote\webdriver.py", line 425, in execute
    self.error_handler.check_response(response)
  File "D:\pythonProject\new_240328\venv\lib\site-packages\selenium\webdriver\remote\errorhandler.py", line 247, in check_response
    raise exception_class(message, screen, stacktrace)
selenium.common.exceptions.NoSuchWindowException: Message: no such window: target window already closed
from unknown error: web view not found
  (Session info: chrome=123.0.6312.86)
Stacktrace:
	GetHandleVerifier [0x00007FF7A6A27062+63090]
	(No symbol) [0x00007FF7A6992CB2]
	(No symbol) [0x00007FF7A682EC65]
	(No symbol) [0x00007FF7A680CA7C]
	(No symbol) [0x00007FF7A689D687]
	(No symbol) [0x00007FF7A68B2AC1]
	(No symbol) [0x00007FF7A6896D83]
	(No symbol) [0x00007FF7A68683A8]
	(No symbol) [0x00007FF7A6869441]
	GetHandleVerifier [0x00007FF7A6E225CD+4238301]
	GetHandleVerifier [0x00007FF7A6E5F72D+4488509]
	GetHandleVerifier [0x00007FF7A6E57A0F+4456479]
	GetHandleVerifier [0x00007FF7A6B005A6+953270]
	(No symbol) [0x00007FF7A699E57F]
	(No symbol) [0x00007FF7A6999254]
	(No symbol) [0x00007FF7A699938B]
	(No symbol) [0x00007FF7A6989BC4]
	BaseThreadInitThunk [0x00007FF94CD67034+20]
	RtlUserThreadStart [0x00007FF94CEA2651+33]



        </pre>
    </div>
    <!--css div popup end-->

    </td>
</tr>

<tr id='ft2.4' class='none'>
    <td class='errorCase'><div class='testcase'>test_login_3_13800001111</div></td>
    <td colspan='5' align='center'>

    <!--css div popup start-->
    <a class="popup_link" onfocus='this.blur();' href="javascript:showTestDetail('div_ft2.4')" >
        error</a>

    <div id='div_ft2.4' class="popup_window">
        <div style='text-align: right; color:red;cursor:pointer'>
        <a onfocus='this.blur();' onclick="document.getElementById('div_ft2.4').style.display = 'none' " >
           [x]</a>
        </div>
        <pre>
        
ft2.4: Traceback (most recent call last):
  File "D:\pythonProject\new_240328\venv\lib\site-packages\parameterized\parameterized.py", line 620, in standalone_func
    return func(*(a + p.args), **p.kwargs, **kw)
  File "D:\pythonProject\new_240328\scripts\test_login.py", line 25, in test_login
    self.login.page_login(username, password, verify_code)
  File "D:\pythonProject\new_240328\page\page_login.py", line 45, in page_login
    self.page_input_username(username)
  File "D:\pythonProject\new_240328\page\page_login.py", line 13, in page_input_username
    self.base_input(page.login_username, username)
  File "D:\pythonProject\new_240328\base\base.py", line 20, in base_input
    self.base_find_element(loc).clear()
  File "D:\pythonProject\new_240328\base\base.py", line 12, in base_find_element
    return WebDriverWait(self.driver, timeout=timeout, poll_frequency=poll).until(lambda x: x.find_element(*loc))
  File "D:\pythonProject\new_240328\venv\lib\site-packages\selenium\webdriver\support\wait.py", line 78, in until
    value = method(self._driver)
  File "D:\pythonProject\new_240328\base\base.py", line 12, in &lt;lambda&gt;
    return WebDriverWait(self.driver, timeout=timeout, poll_frequency=poll).until(lambda x: x.find_element(*loc))
  File "D:\pythonProject\new_240328\venv\lib\site-packages\selenium\webdriver\remote\webdriver.py", line 1248, in find_element
    return self.execute(Command.FIND_ELEMENT, {
  File "D:\pythonProject\new_240328\venv\lib\site-packages\selenium\webdriver\remote\webdriver.py", line 425, in execute
    self.error_handler.check_response(response)
  File "D:\pythonProject\new_240328\venv\lib\site-packages\selenium\webdriver\remote\errorhandler.py", line 247, in check_response
    raise exception_class(message, screen, stacktrace)
selenium.common.exceptions.NoSuchWindowException: Message: no such window: target window already closed
from unknown error: web view not found
  (Session info: chrome=123.0.6312.86)
Stacktrace:
	GetHandleVerifier [0x00007FF7A6A27062+63090]
	(No symbol) [0x00007FF7A6992CB2]
	(No symbol) [0x00007FF7A682EC65]
	(No symbol) [0x00007FF7A680CA7C]
	(No symbol) [0x00007FF7A689D687]
	(No symbol) [0x00007FF7A68B2AC1]
	(No symbol) [0x00007FF7A6896D83]
	(No symbol) [0x00007FF7A68683A8]
	(No symbol) [0x00007FF7A6869441]
	GetHandleVerifier [0x00007FF7A6E225CD+4238301]
	GetHandleVerifier [0x00007FF7A6E5F72D+4488509]
	GetHandleVerifier [0x00007FF7A6E57A0F+4456479]
	GetHandleVerifier [0x00007FF7A6B005A6+953270]
	(No symbol) [0x00007FF7A699E57F]
	(No symbol) [0x00007FF7A6999254]
	(No symbol) [0x00007FF7A699938B]
	(No symbol) [0x00007FF7A6989BC4]
	BaseThreadInitThunk [0x00007FF94CD67034+20]
	RtlUserThreadStart [0x00007FF94CEA2651+33]

Traceback (most recent call last):
  File "D:\pythonProject\new_240328\venv\lib\site-packages\parameterized\parameterized.py", line 620, in standalone_func
    return func(*(a + p.args), **p.kwargs, **kw)
  File "D:\pythonProject\new_240328\scripts\test_login.py", line 25, in test_login
    self.login.page_login(username, password, verify_code)
  File "D:\pythonProject\new_240328\page\page_login.py", line 45, in page_login
    self.page_input_username(username)
  File "D:\pythonProject\new_240328\page\page_login.py", line 13, in page_input_username
    self.base_input(page.login_username, username)
  File "D:\pythonProject\new_240328\base\base.py", line 20, in base_input
    self.base_find_element(loc).clear()
  File "D:\pythonProject\new_240328\base\base.py", line 12, in base_find_element
    return WebDriverWait(self.driver, timeout=timeout, poll_frequency=poll).until(lambda x: x.find_element(*loc))
  File "D:\pythonProject\new_240328\venv\lib\site-packages\selenium\webdriver\support\wait.py", line 78, in until
    value = method(self._driver)
  File "D:\pythonProject\new_240328\base\base.py", line 12, in &lt;lambda&gt;
    return WebDriverWait(self.driver, timeout=timeout, poll_frequency=poll).until(lambda x: x.find_element(*loc))
  File "D:\pythonProject\new_240328\venv\lib\site-packages\selenium\webdriver\remote\webdriver.py", line 1248, in find_element
    return self.execute(Command.FIND_ELEMENT, {
  File "D:\pythonProject\new_240328\venv\lib\site-packages\selenium\webdriver\remote\webdriver.py", line 425, in execute
    self.error_handler.check_response(response)
  File "D:\pythonProject\new_240328\venv\lib\site-packages\selenium\webdriver\remote\errorhandler.py", line 247, in check_response
    raise exception_class(message, screen, stacktrace)
selenium.common.exceptions.NoSuchWindowException: Message: no such window: target window already closed
from unknown error: web view not found
  (Session info: chrome=123.0.6312.86)
Stacktrace:
	GetHandleVerifier [0x00007FF7A6A27062+63090]
	(No symbol) [0x00007FF7A6992CB2]
	(No symbol) [0x00007FF7A682EC65]
	(No symbol) [0x00007FF7A680CA7C]
	(No symbol) [0x00007FF7A689D687]
	(No symbol) [0x00007FF7A68B2AC1]
	(No symbol) [0x00007FF7A6896D83]
	(No symbol) [0x00007FF7A68683A8]
	(No symbol) [0x00007FF7A6869441]
	GetHandleVerifier [0x00007FF7A6E225CD+4238301]
	GetHandleVerifier [0x00007FF7A6E5F72D+4488509]
	GetHandleVerifier [0x00007FF7A6E57A0F+4456479]
	GetHandleVerifier [0x00007FF7A6B005A6+953270]
	(No symbol) [0x00007FF7A699E57F]
	(No symbol) [0x00007FF7A6999254]
	(No symbol) [0x00007FF7A699938B]
	(No symbol) [0x00007FF7A6989BC4]
	BaseThreadInitThunk [0x00007FF94CD67034+20]
	RtlUserThreadStart [0x00007FF94CEA2651+33]



        </pre>
    </div>
    <!--css div popup end-->

    </td>
</tr>

<tr id='ft2.5' class='none'>
    <td class='errorCase'><div class='testcase'>test_login_4_13800001112</div></td>
    <td colspan='5' align='center'>

    <!--css div popup start-->
    <a class="popup_link" onfocus='this.blur();' href="javascript:showTestDetail('div_ft2.5')" >
        error</a>

    <div id='div_ft2.5' class="popup_window">
        <div style='text-align: right; color:red;cursor:pointer'>
        <a onfocus='this.blur();' onclick="document.getElementById('div_ft2.5').style.display = 'none' " >
           [x]</a>
        </div>
        <pre>
        
ft2.5: Traceback (most recent call last):
  File "D:\pythonProject\new_240328\venv\lib\site-packages\parameterized\parameterized.py", line 620, in standalone_func
    return func(*(a + p.args), **p.kwargs, **kw)
  File "D:\pythonProject\new_240328\scripts\test_login.py", line 25, in test_login
    self.login.page_login(username, password, verify_code)
  File "D:\pythonProject\new_240328\page\page_login.py", line 45, in page_login
    self.page_input_username(username)
  File "D:\pythonProject\new_240328\page\page_login.py", line 13, in page_input_username
    self.base_input(page.login_username, username)
  File "D:\pythonProject\new_240328\base\base.py", line 20, in base_input
    self.base_find_element(loc).clear()
  File "D:\pythonProject\new_240328\base\base.py", line 12, in base_find_element
    return WebDriverWait(self.driver, timeout=timeout, poll_frequency=poll).until(lambda x: x.find_element(*loc))
  File "D:\pythonProject\new_240328\venv\lib\site-packages\selenium\webdriver\support\wait.py", line 78, in until
    value = method(self._driver)
  File "D:\pythonProject\new_240328\base\base.py", line 12, in &lt;lambda&gt;
    return WebDriverWait(self.driver, timeout=timeout, poll_frequency=poll).until(lambda x: x.find_element(*loc))
  File "D:\pythonProject\new_240328\venv\lib\site-packages\selenium\webdriver\remote\webdriver.py", line 1248, in find_element
    return self.execute(Command.FIND_ELEMENT, {
  File "D:\pythonProject\new_240328\venv\lib\site-packages\selenium\webdriver\remote\webdriver.py", line 425, in execute
    self.error_handler.check_response(response)
  File "D:\pythonProject\new_240328\venv\lib\site-packages\selenium\webdriver\remote\errorhandler.py", line 247, in check_response
    raise exception_class(message, screen, stacktrace)
selenium.common.exceptions.NoSuchWindowException: Message: no such window: target window already closed
from unknown error: web view not found
  (Session info: chrome=123.0.6312.86)
Stacktrace:
	GetHandleVerifier [0x00007FF7A6A27062+63090]
	(No symbol) [0x00007FF7A6992CB2]
	(No symbol) [0x00007FF7A682EC65]
	(No symbol) [0x00007FF7A680CA7C]
	(No symbol) [0x00007FF7A689D687]
	(No symbol) [0x00007FF7A68B2AC1]
	(No symbol) [0x00007FF7A6896D83]
	(No symbol) [0x00007FF7A68683A8]
	(No symbol) [0x00007FF7A6869441]
	GetHandleVerifier [0x00007FF7A6E225CD+4238301]
	GetHandleVerifier [0x00007FF7A6E5F72D+4488509]
	GetHandleVerifier [0x00007FF7A6E57A0F+4456479]
	GetHandleVerifier [0x00007FF7A6B005A6+953270]
	(No symbol) [0x00007FF7A699E57F]
	(No symbol) [0x00007FF7A6999254]
	(No symbol) [0x00007FF7A699938B]
	(No symbol) [0x00007FF7A6989BC4]
	BaseThreadInitThunk [0x00007FF94CD67034+20]
	RtlUserThreadStart [0x00007FF94CEA2651+33]

Traceback (most recent call last):
  File "D:\pythonProject\new_240328\venv\lib\site-packages\parameterized\parameterized.py", line 620, in standalone_func
    return func(*(a + p.args), **p.kwargs, **kw)
  File "D:\pythonProject\new_240328\scripts\test_login.py", line 25, in test_login
    self.login.page_login(username, password, verify_code)
  File "D:\pythonProject\new_240328\page\page_login.py", line 45, in page_login
    self.page_input_username(username)
  File "D:\pythonProject\new_240328\page\page_login.py", line 13, in page_input_username
    self.base_input(page.login_username, username)
  File "D:\pythonProject\new_240328\base\base.py", line 20, in base_input
    self.base_find_element(loc).clear()
  File "D:\pythonProject\new_240328\base\base.py", line 12, in base_find_element
    return WebDriverWait(self.driver, timeout=timeout, poll_frequency=poll).until(lambda x: x.find_element(*loc))
  File "D:\pythonProject\new_240328\venv\lib\site-packages\selenium\webdriver\support\wait.py", line 78, in until
    value = method(self._driver)
  File "D:\pythonProject\new_240328\base\base.py", line 12, in &lt;lambda&gt;
    return WebDriverWait(self.driver, timeout=timeout, poll_frequency=poll).until(lambda x: x.find_element(*loc))
  File "D:\pythonProject\new_240328\venv\lib\site-packages\selenium\webdriver\remote\webdriver.py", line 1248, in find_element
    return self.execute(Command.FIND_ELEMENT, {
  File "D:\pythonProject\new_240328\venv\lib\site-packages\selenium\webdriver\remote\webdriver.py", line 425, in execute
    self.error_handler.check_response(response)
  File "D:\pythonProject\new_240328\venv\lib\site-packages\selenium\webdriver\remote\errorhandler.py", line 247, in check_response
    raise exception_class(message, screen, stacktrace)
selenium.common.exceptions.NoSuchWindowException: Message: no such window: target window already closed
from unknown error: web view not found
  (Session info: chrome=123.0.6312.86)
Stacktrace:
	GetHandleVerifier [0x00007FF7A6A27062+63090]
	(No symbol) [0x00007FF7A6992CB2]
	(No symbol) [0x00007FF7A682EC65]
	(No symbol) [0x00007FF7A680CA7C]
	(No symbol) [0x00007FF7A689D687]
	(No symbol) [0x00007FF7A68B2AC1]
	(No symbol) [0x00007FF7A6896D83]
	(No symbol) [0x00007FF7A68683A8]
	(No symbol) [0x00007FF7A6869441]
	GetHandleVerifier [0x00007FF7A6E225CD+4238301]
	GetHandleVerifier [0x00007FF7A6E5F72D+4488509]
	GetHandleVerifier [0x00007FF7A6E57A0F+4456479]
	GetHandleVerifier [0x00007FF7A6B005A6+953270]
	(No symbol) [0x00007FF7A699E57F]
	(No symbol) [0x00007FF7A6999254]
	(No symbol) [0x00007FF7A699938B]
	(No symbol) [0x00007FF7A6989BC4]
	BaseThreadInitThunk [0x00007FF94CD67034+20]
	RtlUserThreadStart [0x00007FF94CEA2651+33]



        </pre>
    </div>
    <!--css div popup end-->

    </td>
</tr>

<tr id='ft2.6' class='none'>
    <td class='errorCase'><div class='testcase'>test_login_5_138000011112</div></td>
    <td colspan='5' align='center'>

    <!--css div popup start-->
    <a class="popup_link" onfocus='this.blur();' href="javascript:showTestDetail('div_ft2.6')" >
        error</a>

    <div id='div_ft2.6' class="popup_window">
        <div style='text-align: right; color:red;cursor:pointer'>
        <a onfocus='this.blur();' onclick="document.getElementById('div_ft2.6').style.display = 'none' " >
           [x]</a>
        </div>
        <pre>
        
ft2.6: Traceback (most recent call last):
  File "D:\pythonProject\new_240328\venv\lib\site-packages\parameterized\parameterized.py", line 620, in standalone_func
    return func(*(a + p.args), **p.kwargs, **kw)
  File "D:\pythonProject\new_240328\scripts\test_login.py", line 25, in test_login
    self.login.page_login(username, password, verify_code)
  File "D:\pythonProject\new_240328\page\page_login.py", line 45, in page_login
    self.page_input_username(username)
  File "D:\pythonProject\new_240328\page\page_login.py", line 13, in page_input_username
    self.base_input(page.login_username, username)
  File "D:\pythonProject\new_240328\base\base.py", line 20, in base_input
    self.base_find_element(loc).clear()
  File "D:\pythonProject\new_240328\base\base.py", line 12, in base_find_element
    return WebDriverWait(self.driver, timeout=timeout, poll_frequency=poll).until(lambda x: x.find_element(*loc))
  File "D:\pythonProject\new_240328\venv\lib\site-packages\selenium\webdriver\support\wait.py", line 78, in until
    value = method(self._driver)
  File "D:\pythonProject\new_240328\base\base.py", line 12, in &lt;lambda&gt;
    return WebDriverWait(self.driver, timeout=timeout, poll_frequency=poll).until(lambda x: x.find_element(*loc))
  File "D:\pythonProject\new_240328\venv\lib\site-packages\selenium\webdriver\remote\webdriver.py", line 1248, in find_element
    return self.execute(Command.FIND_ELEMENT, {
  File "D:\pythonProject\new_240328\venv\lib\site-packages\selenium\webdriver\remote\webdriver.py", line 425, in execute
    self.error_handler.check_response(response)
  File "D:\pythonProject\new_240328\venv\lib\site-packages\selenium\webdriver\remote\errorhandler.py", line 247, in check_response
    raise exception_class(message, screen, stacktrace)
selenium.common.exceptions.NoSuchWindowException: Message: no such window: target window already closed
from unknown error: web view not found
  (Session info: chrome=123.0.6312.86)
Stacktrace:
	GetHandleVerifier [0x00007FF7A6A27062+63090]
	(No symbol) [0x00007FF7A6992CB2]
	(No symbol) [0x00007FF7A682EC65]
	(No symbol) [0x00007FF7A680CA7C]
	(No symbol) [0x00007FF7A689D687]
	(No symbol) [0x00007FF7A68B2AC1]
	(No symbol) [0x00007FF7A6896D83]
	(No symbol) [0x00007FF7A68683A8]
	(No symbol) [0x00007FF7A6869441]
	GetHandleVerifier [0x00007FF7A6E225CD+4238301]
	GetHandleVerifier [0x00007FF7A6E5F72D+4488509]
	GetHandleVerifier [0x00007FF7A6E57A0F+4456479]
	GetHandleVerifier [0x00007FF7A6B005A6+953270]
	(No symbol) [0x00007FF7A699E57F]
	(No symbol) [0x00007FF7A6999254]
	(No symbol) [0x00007FF7A699938B]
	(No symbol) [0x00007FF7A6989BC4]
	BaseThreadInitThunk [0x00007FF94CD67034+20]
	RtlUserThreadStart [0x00007FF94CEA2651+33]

Traceback (most recent call last):
  File "D:\pythonProject\new_240328\venv\lib\site-packages\parameterized\parameterized.py", line 620, in standalone_func
    return func(*(a + p.args), **p.kwargs, **kw)
  File "D:\pythonProject\new_240328\scripts\test_login.py", line 25, in test_login
    self.login.page_login(username, password, verify_code)
  File "D:\pythonProject\new_240328\page\page_login.py", line 45, in page_login
    self.page_input_username(username)
  File "D:\pythonProject\new_240328\page\page_login.py", line 13, in page_input_username
    self.base_input(page.login_username, username)
  File "D:\pythonProject\new_240328\base\base.py", line 20, in base_input
    self.base_find_element(loc).clear()
  File "D:\pythonProject\new_240328\base\base.py", line 12, in base_find_element
    return WebDriverWait(self.driver, timeout=timeout, poll_frequency=poll).until(lambda x: x.find_element(*loc))
  File "D:\pythonProject\new_240328\venv\lib\site-packages\selenium\webdriver\support\wait.py", line 78, in until
    value = method(self._driver)
  File "D:\pythonProject\new_240328\base\base.py", line 12, in &lt;lambda&gt;
    return WebDriverWait(self.driver, timeout=timeout, poll_frequency=poll).until(lambda x: x.find_element(*loc))
  File "D:\pythonProject\new_240328\venv\lib\site-packages\selenium\webdriver\remote\webdriver.py", line 1248, in find_element
    return self.execute(Command.FIND_ELEMENT, {
  File "D:\pythonProject\new_240328\venv\lib\site-packages\selenium\webdriver\remote\webdriver.py", line 425, in execute
    self.error_handler.check_response(response)
  File "D:\pythonProject\new_240328\venv\lib\site-packages\selenium\webdriver\remote\errorhandler.py", line 247, in check_response
    raise exception_class(message, screen, stacktrace)
selenium.common.exceptions.NoSuchWindowException: Message: no such window: target window already closed
from unknown error: web view not found
  (Session info: chrome=123.0.6312.86)
Stacktrace:
	GetHandleVerifier [0x00007FF7A6A27062+63090]
	(No symbol) [0x00007FF7A6992CB2]
	(No symbol) [0x00007FF7A682EC65]
	(No symbol) [0x00007FF7A680CA7C]
	(No symbol) [0x00007FF7A689D687]
	(No symbol) [0x00007FF7A68B2AC1]
	(No symbol) [0x00007FF7A6896D83]
	(No symbol) [0x00007FF7A68683A8]
	(No symbol) [0x00007FF7A6869441]
	GetHandleVerifier [0x00007FF7A6E225CD+4238301]
	GetHandleVerifier [0x00007FF7A6E5F72D+4488509]
	GetHandleVerifier [0x00007FF7A6E57A0F+4456479]
	GetHandleVerifier [0x00007FF7A6B005A6+953270]
	(No symbol) [0x00007FF7A699E57F]
	(No symbol) [0x00007FF7A6999254]
	(No symbol) [0x00007FF7A699938B]
	(No symbol) [0x00007FF7A6989BC4]
	BaseThreadInitThunk [0x00007FF94CD67034+20]
	RtlUserThreadStart [0x00007FF94CEA2651+33]



        </pre>
    </div>
    <!--css div popup end-->

    </td>
</tr>

<tr id='ft2.7' class='none'>
    <td class='errorCase'><div class='testcase'>test_login_6_13800001111</div></td>
    <td colspan='5' align='center'>

    <!--css div popup start-->
    <a class="popup_link" onfocus='this.blur();' href="javascript:showTestDetail('div_ft2.7')" >
        error</a>

    <div id='div_ft2.7' class="popup_window">
        <div style='text-align: right; color:red;cursor:pointer'>
        <a onfocus='this.blur();' onclick="document.getElementById('div_ft2.7').style.display = 'none' " >
           [x]</a>
        </div>
        <pre>
        
ft2.7: Traceback (most recent call last):
  File "D:\pythonProject\new_240328\venv\lib\site-packages\parameterized\parameterized.py", line 620, in standalone_func
    return func(*(a + p.args), **p.kwargs, **kw)
  File "D:\pythonProject\new_240328\scripts\test_login.py", line 25, in test_login
    self.login.page_login(username, password, verify_code)
  File "D:\pythonProject\new_240328\page\page_login.py", line 45, in page_login
    self.page_input_username(username)
  File "D:\pythonProject\new_240328\page\page_login.py", line 13, in page_input_username
    self.base_input(page.login_username, username)
  File "D:\pythonProject\new_240328\base\base.py", line 20, in base_input
    self.base_find_element(loc).clear()
  File "D:\pythonProject\new_240328\base\base.py", line 12, in base_find_element
    return WebDriverWait(self.driver, timeout=timeout, poll_frequency=poll).until(lambda x: x.find_element(*loc))
  File "D:\pythonProject\new_240328\venv\lib\site-packages\selenium\webdriver\support\wait.py", line 78, in until
    value = method(self._driver)
  File "D:\pythonProject\new_240328\base\base.py", line 12, in &lt;lambda&gt;
    return WebDriverWait(self.driver, timeout=timeout, poll_frequency=poll).until(lambda x: x.find_element(*loc))
  File "D:\pythonProject\new_240328\venv\lib\site-packages\selenium\webdriver\remote\webdriver.py", line 1248, in find_element
    return self.execute(Command.FIND_ELEMENT, {
  File "D:\pythonProject\new_240328\venv\lib\site-packages\selenium\webdriver\remote\webdriver.py", line 425, in execute
    self.error_handler.check_response(response)
  File "D:\pythonProject\new_240328\venv\lib\site-packages\selenium\webdriver\remote\errorhandler.py", line 247, in check_response
    raise exception_class(message, screen, stacktrace)
selenium.common.exceptions.NoSuchWindowException: Message: no such window: target window already closed
from unknown error: web view not found
  (Session info: chrome=123.0.6312.86)
Stacktrace:
	GetHandleVerifier [0x00007FF7A6A27062+63090]
	(No symbol) [0x00007FF7A6992CB2]
	(No symbol) [0x00007FF7A682EC65]
	(No symbol) [0x00007FF7A680CA7C]
	(No symbol) [0x00007FF7A689D687]
	(No symbol) [0x00007FF7A68B2AC1]
	(No symbol) [0x00007FF7A6896D83]
	(No symbol) [0x00007FF7A68683A8]
	(No symbol) [0x00007FF7A6869441]
	GetHandleVerifier [0x00007FF7A6E225CD+4238301]
	GetHandleVerifier [0x00007FF7A6E5F72D+4488509]
	GetHandleVerifier [0x00007FF7A6E57A0F+4456479]
	GetHandleVerifier [0x00007FF7A6B005A6+953270]
	(No symbol) [0x00007FF7A699E57F]
	(No symbol) [0x00007FF7A6999254]
	(No symbol) [0x00007FF7A699938B]
	(No symbol) [0x00007FF7A6989BC4]
	BaseThreadInitThunk [0x00007FF94CD67034+20]
	RtlUserThreadStart [0x00007FF94CEA2651+33]

Traceback (most recent call last):
  File "D:\pythonProject\new_240328\venv\lib\site-packages\parameterized\parameterized.py", line 620, in standalone_func
    return func(*(a + p.args), **p.kwargs, **kw)
  File "D:\pythonProject\new_240328\scripts\test_login.py", line 25, in test_login
    self.login.page_login(username, password, verify_code)
  File "D:\pythonProject\new_240328\page\page_login.py", line 45, in page_login
    self.page_input_username(username)
  File "D:\pythonProject\new_240328\page\page_login.py", line 13, in page_input_username
    self.base_input(page.login_username, username)
  File "D:\pythonProject\new_240328\base\base.py", line 20, in base_input
    self.base_find_element(loc).clear()
  File "D:\pythonProject\new_240328\base\base.py", line 12, in base_find_element
    return WebDriverWait(self.driver, timeout=timeout, poll_frequency=poll).until(lambda x: x.find_element(*loc))
  File "D:\pythonProject\new_240328\venv\lib\site-packages\selenium\webdriver\support\wait.py", line 78, in until
    value = method(self._driver)
  File "D:\pythonProject\new_240328\base\base.py", line 12, in &lt;lambda&gt;
    return WebDriverWait(self.driver, timeout=timeout, poll_frequency=poll).until(lambda x: x.find_element(*loc))
  File "D:\pythonProject\new_240328\venv\lib\site-packages\selenium\webdriver\remote\webdriver.py", line 1248, in find_element
    return self.execute(Command.FIND_ELEMENT, {
  File "D:\pythonProject\new_240328\venv\lib\site-packages\selenium\webdriver\remote\webdriver.py", line 425, in execute
    self.error_handler.check_response(response)
  File "D:\pythonProject\new_240328\venv\lib\site-packages\selenium\webdriver\remote\errorhandler.py", line 247, in check_response
    raise exception_class(message, screen, stacktrace)
selenium.common.exceptions.NoSuchWindowException: Message: no such window: target window already closed
from unknown error: web view not found
  (Session info: chrome=123.0.6312.86)
Stacktrace:
	GetHandleVerifier [0x00007FF7A6A27062+63090]
	(No symbol) [0x00007FF7A6992CB2]
	(No symbol) [0x00007FF7A682EC65]
	(No symbol) [0x00007FF7A680CA7C]
	(No symbol) [0x00007FF7A689D687]
	(No symbol) [0x00007FF7A68B2AC1]
	(No symbol) [0x00007FF7A6896D83]
	(No symbol) [0x00007FF7A68683A8]
	(No symbol) [0x00007FF7A6869441]
	GetHandleVerifier [0x00007FF7A6E225CD+4238301]
	GetHandleVerifier [0x00007FF7A6E5F72D+4488509]
	GetHandleVerifier [0x00007FF7A6E57A0F+4456479]
	GetHandleVerifier [0x00007FF7A6B005A6+953270]
	(No symbol) [0x00007FF7A699E57F]
	(No symbol) [0x00007FF7A6999254]
	(No symbol) [0x00007FF7A699938B]
	(No symbol) [0x00007FF7A6989BC4]
	BaseThreadInitThunk [0x00007FF94CD67034+20]
	RtlUserThreadStart [0x00007FF94CEA2651+33]



        </pre>
    </div>
    <!--css div popup end-->

    </td>
</tr>

<tr id='ft2.8' class='none'>
    <td class='errorCase'><div class='testcase'>test_login_7_13800001111</div></td>
    <td colspan='5' align='center'>

    <!--css div popup start-->
    <a class="popup_link" onfocus='this.blur();' href="javascript:showTestDetail('div_ft2.8')" >
        error</a>

    <div id='div_ft2.8' class="popup_window">
        <div style='text-align: right; color:red;cursor:pointer'>
        <a onfocus='this.blur();' onclick="document.getElementById('div_ft2.8').style.display = 'none' " >
           [x]</a>
        </div>
        <pre>
        
ft2.8: Traceback (most recent call last):
  File "D:\pythonProject\new_240328\venv\lib\site-packages\parameterized\parameterized.py", line 620, in standalone_func
    return func(*(a + p.args), **p.kwargs, **kw)
  File "D:\pythonProject\new_240328\scripts\test_login.py", line 25, in test_login
    self.login.page_login(username, password, verify_code)
  File "D:\pythonProject\new_240328\page\page_login.py", line 45, in page_login
    self.page_input_username(username)
  File "D:\pythonProject\new_240328\page\page_login.py", line 13, in page_input_username
    self.base_input(page.login_username, username)
  File "D:\pythonProject\new_240328\base\base.py", line 20, in base_input
    self.base_find_element(loc).clear()
  File "D:\pythonProject\new_240328\base\base.py", line 12, in base_find_element
    return WebDriverWait(self.driver, timeout=timeout, poll_frequency=poll).until(lambda x: x.find_element(*loc))
  File "D:\pythonProject\new_240328\venv\lib\site-packages\selenium\webdriver\support\wait.py", line 78, in until
    value = method(self._driver)
  File "D:\pythonProject\new_240328\base\base.py", line 12, in &lt;lambda&gt;
    return WebDriverWait(self.driver, timeout=timeout, poll_frequency=poll).until(lambda x: x.find_element(*loc))
  File "D:\pythonProject\new_240328\venv\lib\site-packages\selenium\webdriver\remote\webdriver.py", line 1248, in find_element
    return self.execute(Command.FIND_ELEMENT, {
  File "D:\pythonProject\new_240328\venv\lib\site-packages\selenium\webdriver\remote\webdriver.py", line 425, in execute
    self.error_handler.check_response(response)
  File "D:\pythonProject\new_240328\venv\lib\site-packages\selenium\webdriver\remote\errorhandler.py", line 247, in check_response
    raise exception_class(message, screen, stacktrace)
selenium.common.exceptions.NoSuchWindowException: Message: no such window: target window already closed
from unknown error: web view not found
  (Session info: chrome=123.0.6312.86)
Stacktrace:
	GetHandleVerifier [0x00007FF7A6A27062+63090]
	(No symbol) [0x00007FF7A6992CB2]
	(No symbol) [0x00007FF7A682EC65]
	(No symbol) [0x00007FF7A680CA7C]
	(No symbol) [0x00007FF7A689D687]
	(No symbol) [0x00007FF7A68B2AC1]
	(No symbol) [0x00007FF7A6896D83]
	(No symbol) [0x00007FF7A68683A8]
	(No symbol) [0x00007FF7A6869441]
	GetHandleVerifier [0x00007FF7A6E225CD+4238301]
	GetHandleVerifier [0x00007FF7A6E5F72D+4488509]
	GetHandleVerifier [0x00007FF7A6E57A0F+4456479]
	GetHandleVerifier [0x00007FF7A6B005A6+953270]
	(No symbol) [0x00007FF7A699E57F]
	(No symbol) [0x00007FF7A6999254]
	(No symbol) [0x00007FF7A699938B]
	(No symbol) [0x00007FF7A6989BC4]
	BaseThreadInitThunk [0x00007FF94CD67034+20]
	RtlUserThreadStart [0x00007FF94CEA2651+33]

Traceback (most recent call last):
  File "D:\pythonProject\new_240328\venv\lib\site-packages\parameterized\parameterized.py", line 620, in standalone_func
    return func(*(a + p.args), **p.kwargs, **kw)
  File "D:\pythonProject\new_240328\scripts\test_login.py", line 25, in test_login
    self.login.page_login(username, password, verify_code)
  File "D:\pythonProject\new_240328\page\page_login.py", line 45, in page_login
    self.page_input_username(username)
  File "D:\pythonProject\new_240328\page\page_login.py", line 13, in page_input_username
    self.base_input(page.login_username, username)
  File "D:\pythonProject\new_240328\base\base.py", line 20, in base_input
    self.base_find_element(loc).clear()
  File "D:\pythonProject\new_240328\base\base.py", line 12, in base_find_element
    return WebDriverWait(self.driver, timeout=timeout, poll_frequency=poll).until(lambda x: x.find_element(*loc))
  File "D:\pythonProject\new_240328\venv\lib\site-packages\selenium\webdriver\support\wait.py", line 78, in until
    value = method(self._driver)
  File "D:\pythonProject\new_240328\base\base.py", line 12, in &lt;lambda&gt;
    return WebDriverWait(self.driver, timeout=timeout, poll_frequency=poll).until(lambda x: x.find_element(*loc))
  File "D:\pythonProject\new_240328\venv\lib\site-packages\selenium\webdriver\remote\webdriver.py", line 1248, in find_element
    return self.execute(Command.FIND_ELEMENT, {
  File "D:\pythonProject\new_240328\venv\lib\site-packages\selenium\webdriver\remote\webdriver.py", line 425, in execute
    self.error_handler.check_response(response)
  File "D:\pythonProject\new_240328\venv\lib\site-packages\selenium\webdriver\remote\errorhandler.py", line 247, in check_response
    raise exception_class(message, screen, stacktrace)
selenium.common.exceptions.NoSuchWindowException: Message: no such window: target window already closed
from unknown error: web view not found
  (Session info: chrome=123.0.6312.86)
Stacktrace:
	GetHandleVerifier [0x00007FF7A6A27062+63090]
	(No symbol) [0x00007FF7A6992CB2]
	(No symbol) [0x00007FF7A682EC65]
	(No symbol) [0x00007FF7A680CA7C]
	(No symbol) [0x00007FF7A689D687]
	(No symbol) [0x00007FF7A68B2AC1]
	(No symbol) [0x00007FF7A6896D83]
	(No symbol) [0x00007FF7A68683A8]
	(No symbol) [0x00007FF7A6869441]
	GetHandleVerifier [0x00007FF7A6E225CD+4238301]
	GetHandleVerifier [0x00007FF7A6E5F72D+4488509]
	GetHandleVerifier [0x00007FF7A6E57A0F+4456479]
	GetHandleVerifier [0x00007FF7A6B005A6+953270]
	(No symbol) [0x00007FF7A699E57F]
	(No symbol) [0x00007FF7A6999254]
	(No symbol) [0x00007FF7A699938B]
	(No symbol) [0x00007FF7A6989BC4]
	BaseThreadInitThunk [0x00007FF94CD67034+20]
	RtlUserThreadStart [0x00007FF94CEA2651+33]



        </pre>
    </div>
    <!--css div popup end-->

    </td>
</tr>

<tr id='total_row'>
    <td>Total</td>
    <td>9</td>
    <td>1</td>
    <td>0</td>
    <td>8</td>
    <td>&nbsp;</td>
</tr>
</table>

<div id='ending'>&nbsp;</div>

</body>
</html>
